[0m[[0m[0mdebug[0m] [0m[0m> Exec(test, None, None)[0m
[0m[[0m[0mdebug[0m] [0m[0mEvaluating tasks: webUI / Test / test, Test / test[0m
[0m[[0m[0mdebug[0m] [0m[0mRunning task... Cancel: Signal, check cycles: false, forcegc: true[0m
[0m[[0m[0minfo[0m] [0m[0mcompiling 5 Scala sources to /home/dmn/home/stu/scala/2/2-5-calculator/target/scala-2.13/classes ...[0m
[0m[[0m[0minfo[0m] [0m[0mcompiling 6 Scala sources to /home/dmn/home/stu/scala/2/2-5-calculator/web-ui/target/scala-2.13/classes ...[0m
[0m[[0m[0minfo[0m] [0m[0mNon-compiled module 'compiler-bridge_2.13' for Scala 2.13.1. Compiling...[0m
[0m[[0m[0minfo[0m] [0m[0m  Compilation completed in 9.189s.[0m
[0m[[0m[0minfo[0m] [0m[0mdone compiling[0m
[0m[[0m[0minfo[0m] [0m[0mcompiling 1 Scala source to /home/dmn/home/stu/scala/2/2-5-calculator/target/scala-2.13/test-classes ...[0m
[0m[[0m[0minfo[0m] [0m[0mdone compiling[0m
[0m[[0m[0minfo[0m] [0m[0mdone compiling[0m
[0m[[0m[0minfo[0m] [0m[0m[34mTest run started[0m[0m
[0m[[0m[0minfo[0m] [0m[0mTest calculator.[33mCalculatorSuite[0m.[36mCyclic dependencies should result in NaN[0m started[0m
[0m[[0m[0minfo[0m] [0m[0mRunning scalafix on 5 Scala sources[0m
[0m[[0m[31merror[0m] [0m[0mTest calculator.[33mCalculatorSuite[0m.[31mCyclic dependencies should result in NaN[0m failed: scala.[31mNotImplementedError[0m: an implementation is missing, took 0.041 sec[0m
[0m[[0m[31merror[0m] [0m[0m    at scala.Predef$.???(Predef.scala:347)[0m
[0m[[0m[31merror[0m] [0m[0m    at calculator.Calculator$.computeValues(Calculator.scala:14)[0m
[0m[[0m[31merror[0m] [0m[0m    at calculator.CalculatorSuite.Cyclic dependencies should result in NaN([35mCalculatorSuite.scala[0m:[33m120[0m)[0m
[0m[[0m[31merror[0m] [0m[0m    at jdk.internal.reflect.NativeMethodAccessorImpl.invoke0(Native Method)[0m
[0m[[0m[31merror[0m] [0m[0m    at jdk.internal.reflect.NativeMethodAccessorImpl.invoke(NativeMethodAccessorImpl.java:62)[0m
[0m[[0m[31merror[0m] [0m[0m    at jdk.internal.reflect.DelegatingMethodAccessorImpl.invoke(DelegatingMethodAccessorImpl.java:43)[0m
[0m[[0m[31merror[0m] [0m[0m    at java.lang.reflect.Method.invoke(Method.java:566)[0m
[0m[[0m[31merror[0m] [0m[0m    ...[0m
[0m[[0m[0minfo[0m] [0m[0mTest calculator.[33mCalculatorSuite[0m.[36mSelf dependency[0m started[0m
[0m[[0m[31merror[0m] [0m[0mTest calculator.[33mCalculatorSuite[0m.[31mSelf dependency[0m failed: scala.[31mNotImplementedError[0m: an implementation is missing, took 0.008 sec[0m
[0m[[0m[31merror[0m] [0m[0m    at scala.Predef$.???(Predef.scala:347)[0m
[0m[[0m[31merror[0m] [0m[0m    at calculator.Calculator$.computeValues(Calculator.scala:14)[0m
[0m[[0m[31merror[0m] [0m[0m    at calculator.CalculatorSuite.Self dependency([35mCalculatorSuite.scala[0m:[33m105[0m)[0m
[0m[[0m[31merror[0m] [0m[0m    at jdk.internal.reflect.NativeMethodAccessorImpl.invoke0(Native Method)[0m
[0m[[0m[31merror[0m] [0m[0m    at jdk.internal.reflect.NativeMethodAccessorImpl.invoke(NativeMethodAccessorImpl.java:62)[0m
[0m[[0m[31merror[0m] [0m[0m    at jdk.internal.reflect.DelegatingMethodAccessorImpl.invoke(DelegatingMethodAccessorImpl.java:43)[0m
[0m[[0m[0minfo[0m] [0m[0mFast optimizing /home/dmn/home/stu/scala/2/2-5-calculator/web-ui/target/scala-2.13/webui-test-fastopt.js[0m
[0m[[0m[31merror[0m] [0m[0m    at java.lang.reflect.Method.invoke(Method.java:566)[0m
[0m[[0m[31merror[0m] [0m[0m    ...[0m
[0m[[0m[0minfo[0m] [0m[0mTest calculator.[33mCalculatorSuite[0m.[36mIf b previously depended on a, but no longer does, then it should not be recomputed anymore when a changes[0m started[0m
[0m[[0m[31merror[0m] [0m[0mTest calculator.[33mCalculatorSuite[0m.[31mIf b previously depended on a, but no longer does, then it should not be recomputed anymore when a changes[0m failed: scala.[31mNotImplementedError[0m: an implementation is missing, took 0.012 sec[0m
[0m[[0m[31merror[0m] [0m[0m    at scala.Predef$.???(Predef.scala:347)[0m
[0m[[0m[31merror[0m] [0m[0m    at calculator.Calculator$.computeValues(Calculator.scala:14)[0m
[0m[[0m[31merror[0m] [0m[0m    at calculator.CalculatorSuite.If b previously depended on a, but no longer does, then it should not be recomputed anymore when a changes([35mCalculatorSuite.scala[0m:[33m192[0m)[0m
[0m[[0m[31merror[0m] [0m[0m    at jdk.internal.reflect.NativeMethodAccessorImpl.invoke0(Native Method)[0m
[0m[[0m[31merror[0m] [0m[0m    at jdk.internal.reflect.NativeMethodAccessorImpl.invoke(NativeMethodAccessorImpl.java:62)[0m
[0m[[0m[31merror[0m] [0m[0m    at jdk.internal.reflect.DelegatingMethodAccessorImpl.invoke(DelegatingMethodAccessorImpl.java:43)[0m
[0m[[0m[31merror[0m] [0m[0m    at java.lang.reflect.Method.invoke(Method.java:566)[0m
[0m[[0m[31merror[0m] [0m[0m    ...[0m
[0m[[0m[0minfo[0m] [0m[0mTest calculator.[33mCalculatorSuite[0m.[36mtweetRemainingCharsCount with a constant signal[0m started[0m
[0m[[0m[31merror[0m] [0m[0mTest calculator.[33mCalculatorSuite[0m.[31mtweetRemainingCharsCount with a constant signal[0m failed: scala.[31mNotImplementedError[0m: an implementation is missing, took 0.009 sec[0m
[0m[[0m[31merror[0m] [0m[0m    at scala.Predef$.???(Predef.scala:347)[0m
[0m[[0m[31merror[0m] [0m[0m    at calculator.TweetLength$.tweetRemainingCharsCount(TweetLength.scala:7)[0m
[0m[[0m[31merror[0m] [0m[0m    at calculator.CalculatorSuite.tweetRemainingCharsCount with a constant signal([35mCalculatorSuite.scala[0m:[33m17[0m)[0m
[0m[[0m[31merror[0m] [0m[0m    at jdk.internal.reflect.NativeMethodAccessorImpl.invoke0(Native Method)[0m
[0m[[0m[31merror[0m] [0m[0m    at jdk.internal.reflect.NativeMethodAccessorImpl.invoke(NativeMethodAccessorImpl.java:62)[0m
[0m[[0m[31merror[0m] [0m[0m    at jdk.internal.reflect.DelegatingMethodAccessorImpl.invoke(DelegatingMethodAccessorImpl.java:43)[0m
[0m[[0m[31merror[0m] [0m[0m    at java.lang.reflect.Method.invoke(Method.java:566)[0m
[0m[[0m[31merror[0m] [0m[0m    ...[0m
[0m[[0m[0minfo[0m] [0m[0mTest calculator.[33mCalculatorSuite[0m.[36mExpressions corresponding to every variable should be correctly evaluated[0m started[0m
[0m[[0m[31merror[0m] [0m[0mTest calculator.[33mCalculatorSuite[0m.[31mExpressions corresponding to every variable should be correctly evaluated[0m failed: scala.[31mNotImplementedError[0m: an implementation is missing, took 0.006 sec[0m
[0m[[0m[31merror[0m] [0m[0m    at scala.Predef$.???(Predef.scala:347)[0m
[0m[[0m[31merror[0m] [0m[0m    at calculator.Calculator$.computeValues(Calculator.scala:14)[0m
[0m[[0m[31merror[0m] [0m[0m    at calculator.CalculatorSuite.Expressions corresponding to every variable should be correctly evaluated([35mCalculatorSuite.scala[0m:[33m148[0m)[0m
[0m[[0m[31merror[0m] [0m[0m    at jdk.internal.reflect.NativeMethodAccessorImpl.invoke0(Native Method)[0m
[0m[[0m[31merror[0m] [0m[0m    at jdk.internal.reflect.NativeMethodAccessorImpl.invoke(NativeMethodAccessorImpl.java:62)[0m
[0m[[0m[31merror[0m] [0m[0m    at jdk.internal.reflect.DelegatingMethodAccessorImpl.invoke(DelegatingMethodAccessorImpl.java:43)[0m
[0m[[0m[31merror[0m] [0m[0m    at java.lang.reflect.Method.invoke(Method.java:566)[0m
[0m[[0m[31merror[0m] [0m[0m    ...[0m
[0m[[0m[0minfo[0m] [0m[0mTest calculator.[33mCalculatorSuite[0m.[36mtweetRemainingCharsCount's result signal should follow the input signal[0m started[0m
[0m[[0m[31merror[0m] [0m[0mTest calculator.[33mCalculatorSuite[0m.[31mtweetRemainingCharsCount's result signal should follow the input signal[0m failed: scala.[31mNotImplementedError[0m: an implementation is missing, took 0.012 sec[0m
[0m[[0m[31merror[0m] [0m[0m    at scala.Predef$.???(Predef.scala:347)[0m
[0m[[0m[31merror[0m] [0m[0m    at calculator.TweetLength$.tweetRemainingCharsCount(TweetLength.scala:7)[0m
[0m[[0m[31merror[0m] [0m[0m    at calculator.CalculatorSuite.tweetRemainingCharsCount's result signal should follow the input signal([35mCalculatorSuite.scala[0m:[33m32[0m)[0m
[0m[[0m[31merror[0m] [0m[0m    at jdk.internal.reflect.NativeMethodAccessorImpl.invoke0(Native Method)[0m
[0m[[0m[31merror[0m] [0m[0m    at jdk.internal.reflect.NativeMethodAccessorImpl.invoke(NativeMethodAccessorImpl.java:62)[0m
[0m[[0m[31merror[0m] [0m[0m    at jdk.internal.reflect.DelegatingMethodAccessorImpl.invoke(DelegatingMethodAccessorImpl.java:43)[0m
[0m[[0m[31merror[0m] [0m[0m    at java.lang.reflect.Method.invoke(Method.java:566)[0m
[0m[[0m[31merror[0m] [0m[0m    ...[0m
[0m[[0m[0minfo[0m] [0m[0mTest calculator.[33mCalculatorSuite[0m.[36mWhen an expression changes, other variables that depend on it should be recomputed[0m started[0m
[0m[[0m[31merror[0m] [0m[0mTest calculator.[33mCalculatorSuite[0m.[31mWhen an expression changes, other variables that depend on it should be recomputed[0m failed: scala.[31mNotImplementedError[0m: an implementation is missing, took 0.015 sec[0m
[0m[[0m[31merror[0m] [0m[0m    at scala.Predef$.???(Predef.scala:347)[0m
[0m[[0m[31merror[0m] [0m[0m    at calculator.Calculator$.computeValues(Calculator.scala:14)[0m
[0m[[0m[31merror[0m] [0m[0m    at calculator.CalculatorSuite.When an expression changes, other variables that depend on it should be recomputed([35mCalculatorSuite.scala[0m:[33m176[0m)[0m
[0m[[0m[31merror[0m] [0m[0m    at jdk.internal.reflect.NativeMethodAccessorImpl.invoke0(Native Method)[0m
[0m[[0m[31merror[0m] [0m[0m    at jdk.internal.reflect.NativeMethodAccessorImpl.invoke(NativeMethodAccessorImpl.java:62)[0m
[0m[[0m[31merror[0m] [0m[0m    at jdk.internal.reflect.DelegatingMethodAccessorImpl.invoke(DelegatingMethodAccessorImpl.java:43)[0m
[0m[[0m[31merror[0m] [0m[0m    at java.lang.reflect.Method.invoke(Method.java:566)[0m
[0m[[0m[31merror[0m] [0m[0m    ...[0m
[0m[[0m[0minfo[0m] [0m[0mTest calculator.[33mCalculatorSuite[0m.[36mWhen an expression changes, *only* the variables that depend on it should be recomputed[0m started[0m
[0m[[0m[31merror[0m] [0m[0mTest calculator.[33mCalculatorSuite[0m.[31mWhen an expression changes, *only* the variables that depend on it should be recomputed[0m failed: scala.[31mNotImplementedError[0m: an implementation is missing, took 0.013 sec[0m
[0m[[0m[31merror[0m] [0m[0m    at scala.Predef$.???(Predef.scala:347)[0m
[0m[[0m[31merror[0m] [0m[0m    at calculator.Calculator$.computeValues(Calculator.scala:14)[0m
[0m[[0m[31merror[0m] [0m[0m    at calculator.CalculatorSuite.When an expression changes, *only* the variables that depend on it should be recomputed([35mCalculatorSuite.scala[0m:[33m216[0m)[0m
[0m[[0m[31merror[0m] [0m[0m    at jdk.internal.reflect.NativeMethodAccessorImpl.invoke0(Native Method)[0m
[0m[[0m[31merror[0m] [0m[0m    at jdk.internal.reflect.NativeMethodAccessorImpl.invoke(NativeMethodAccessorImpl.java:62)[0m
[0m[[0m[31merror[0m] [0m[0m    at jdk.internal.reflect.DelegatingMethodAccessorImpl.invoke(DelegatingMethodAccessorImpl.java:43)[0m
[0m[[0m[31merror[0m] [0m[0m    at java.lang.reflect.Method.invoke(Method.java:566)[0m
[0m[[0m[31merror[0m] [0m[0m    ...[0m
[0m[[0m[0minfo[0m] [0m[0mTest calculator.[33mCalculatorSuite[0m.[36mcomputeDelta test[0m started[0m
[0m[[0m[31merror[0m] [0m[0mTest calculator.[33mCalculatorSuite[0m.[31mcomputeDelta test[0m failed: scala.[31mNotImplementedError[0m: an implementation is missing, took 0.015 sec[0m
[0m[[0m[31merror[0m] [0m[0m    at scala.Predef$.???(Predef.scala:347)[0m
[0m[[0m[31merror[0m] [0m[0m    at calculator.Polynomial$.computeDelta(Polynomial.scala:6)[0m
[0m[[0m[31merror[0m] [0m[0m    at calculator.CalculatorSuite.computeDelta test([35mCalculatorSuite.scala[0m:[33m66[0m)[0m
[0m[[0m[31merror[0m] [0m[0m    at jdk.internal.reflect.NativeMethodAccessorImpl.invoke0(Native Method)[0m
[0m[[0m[31merror[0m] [0m[0m    at jdk.internal.reflect.NativeMethodAccessorImpl.invoke(NativeMethodAccessorImpl.java:62)[0m
[0m[[0m[31merror[0m] [0m[0m    at jdk.internal.reflect.DelegatingMethodAccessorImpl.invoke(DelegatingMethodAccessorImpl.java:43)[0m
[0m[[0m[31merror[0m] [0m[0m    at java.lang.reflect.Method.invoke(Method.java:566)[0m
[0m[[0m[31merror[0m] [0m[0m    ...[0m
[0m[[0m[0minfo[0m] [0m[0mTest calculator.[33mCalculatorSuite[0m.[36mcolorForRemainingCharsCount with a constant signal"[0m started[0m
[0m[[0m[31merror[0m] [0m[0mTest calculator.[33mCalculatorSuite[0m.[31mcolorForRemainingCharsCount with a constant signal"[0m failed: scala.[31mNotImplementedError[0m: an implementation is missing, took 0.01 sec[0m
[0m[[0m[31merror[0m] [0m[0m    at scala.Predef$.???(Predef.scala:347)[0m
[0m[[0m[31merror[0m] [0m[0m    at calculator.TweetLength$.colorForRemainingCharsCount(TweetLength.scala:11)[0m
[0m[[0m[31merror[0m] [0m[0m    at calculator.CalculatorSuite.colorForRemainingCharsCount with a constant signal"([35mCalculatorSuite.scala[0m:[33m42[0m)[0m
[0m[[0m[31merror[0m] [0m[0m    at jdk.internal.reflect.NativeMethodAccessorImpl.invoke0(Native Method)[0m
[0m[[0m[31merror[0m] [0m[0m    at jdk.internal.reflect.NativeMethodAccessorImpl.invoke(NativeMethodAccessorImpl.java:62)[0m
[0m[[0m[31merror[0m] [0m[0m    at jdk.internal.reflect.DelegatingMethodAccessorImpl.invoke(DelegatingMethodAccessorImpl.java:43)[0m
[0m[[0m[31merror[0m] [0m[0m    at java.lang.reflect.Method.invoke(Method.java:566)[0m
[0m[[0m[31merror[0m] [0m[0m    ...[0m
[0m[[0m[0minfo[0m] [0m[0mTest calculator.[33mCalculatorSuite[0m.[36mtweetRemainingCharsCount with a supplementary char[0m started[0m
[0m[[0m[31merror[0m] [0m[0mTest calculator.[33mCalculatorSuite[0m.[31mtweetRemainingCharsCount with a supplementary char[0m failed: scala.[31mNotImplementedError[0m: an implementation is missing, took 0.015 sec[0m
[0m[[0m[31merror[0m] [0m[0m    at scala.Predef$.???(Predef.scala:347)[0m
[0m[[0m[31merror[0m] [0m[0m    at calculator.TweetLength$.tweetRemainingCharsCount(TweetLength.scala:7)[0m
[0m[[0m[31merror[0m] [0m[0m    at calculator.CalculatorSuite.tweetRemainingCharsCount with a supplementary char([35mCalculatorSuite.scala[0m:[33m26[0m)[0m
[0m[[0m[31merror[0m] [0m[0m    at jdk.internal.reflect.NativeMethodAccessorImpl.invoke0(Native Method)[0m
[0m[[0m[31merror[0m] [0m[0m    at jdk.internal.reflect.NativeMethodAccessorImpl.invoke(NativeMethodAccessorImpl.java:62)[0m
[0m[[0m[31merror[0m] [0m[0m    at jdk.internal.reflect.DelegatingMethodAccessorImpl.invoke(DelegatingMethodAccessorImpl.java:43)[0m
[0m[[0m[31merror[0m] [0m[0m    at java.lang.reflect.Method.invoke(Method.java:566)[0m
[0m[[0m[31merror[0m] [0m[0m    ...[0m
[0m[[0m[0minfo[0m] [0m[0mTest calculator.[33mCalculatorSuite[0m.[36mcomputeSolutions test[0m started[0m
[0m[[0m[31merror[0m] [0m[0mTest calculator.[33mCalculatorSuite[0m.[31mcomputeSolutions test[0m failed: scala.[31mNotImplementedError[0m: an implementation is missing, took 0.03 sec[0m
[0m[[0m[31merror[0m] [0m[0m    at scala.Predef$.???(Predef.scala:347)[0m
[0m[[0m[31merror[0m] [0m[0m    at calculator.Polynomial$.computeSolutions(Polynomial.scala:11)[0m
[0m[[0m[31merror[0m] [0m[0m    at calculator.CalculatorSuite.computeSolutions test([35mCalculatorSuite.scala[0m:[33m78[0m)[0m
[0m[[0m[31merror[0m] [0m[0m    at jdk.internal.reflect.NativeMethodAccessorImpl.invoke0(Native Method)[0m
[0m[[0m[31merror[0m] [0m[0m    at jdk.internal.reflect.NativeMethodAccessorImpl.invoke(NativeMethodAccessorImpl.java:62)[0m
[0m[[0m[31merror[0m] [0m[0m    at jdk.internal.reflect.DelegatingMethodAccessorImpl.invoke(DelegatingMethodAccessorImpl.java:43)[0m
[0m[[0m[31merror[0m] [0m[0m    at java.lang.reflect.Method.invoke(Method.java:566)[0m
[0m[[0m[31merror[0m] [0m[0m    ...[0m
[0m[[0m[0minfo[0m] [0m[0mTest calculator.[33mCalculatorSuite[0m.[36mReferencing an unknown variable should result in NaN[0m started[0m
[0m[[0m[31merror[0m] [0m[0mTest calculator.[33mCalculatorSuite[0m.[31mReferencing an unknown variable should result in NaN[0m failed: scala.[31mNotImplementedError[0m: an implementation is missing, took 0.015 sec[0m
[0m[[0m[31merror[0m] [0m[0m    at scala.Predef$.???(Predef.scala:347)[0m
[0m[[0m[31merror[0m] [0m[0m    at calculator.Calculator$.computeValues(Calculator.scala:14)[0m
[0m[[0m[31merror[0m] [0m[0m    at calculator.CalculatorSuite.Referencing an unknown variable should result in NaN([35mCalculatorSuite.scala[0m:[33m132[0m)[0m
[0m[[0m[31merror[0m] [0m[0m    at jdk.internal.reflect.NativeMethodAccessorImpl.invoke0(Native Method)[0m
[0m[[0m[31merror[0m] [0m[0m    at jdk.internal.reflect.NativeMethodAccessorImpl.invoke(NativeMethodAccessorImpl.java:62)[0m
[0m[[0m[31merror[0m] [0m[0m    at jdk.internal.reflect.DelegatingMethodAccessorImpl.invoke(DelegatingMethodAccessorImpl.java:43)[0m
[0m[[0m[31merror[0m] [0m[0m    at java.lang.reflect.Method.invoke(Method.java:566)[0m
[0m[[0m[31merror[0m] [0m[0m    ...[0m
[0m[[0m[0minfo[0m] [0m[0m[34mTest run finished: [0m[31m13 failed[0m[34m, [0m[34m0 ignored[0m[34m, 13 total, 0.28s[0m[0m
[0m[[0m[31merror[0m] [0m[0mFailed: Total 13, Failed 13, Errors 0, Passed 0[0m
[0m[[0m[31merror[0m] [0m[0mFailed tests:[0m
[0m[[0m[31merror[0m] [0m[0m	calculator.CalculatorSuite[0m
[0m[[0m[31merror[0m] [0m[0m(Test / [31mtest[0m) sbt.TestsFailedException: Tests unsuccessful[0m
[0m[[0m[31merror[0m] [0m[0mTotal time: 20 s, completed May 6, 2021, 9:48:17 AM[0m
[0m[[0m[0mdebug[0m] [0m[0m> Exec(idea-shell, None, None)[0m
